<?xml version="1.0" encoding="UTF-8"?>
<testng-results skipped="0" failed="0" ignored="1" total="2" passed="1">
  <reporter-output>
    <line>
      <![CDATA[chrome browser is going to launch]]>
    </line>
    <line>
      <![CDATA[successfully browser opened]]>
    </line>
    <line>
      <![CDATA[successfully url passed]]>
    </line>
    <line>
      <![CDATA[Test completed]]>
    </line>
    <line>
      <![CDATA[successfully browser closed]]>
    </line>
  </reporter-output>
  <suite name="SmokeTest" duration-ms="67854" started-at="2020-01-18T10:06:52 IST" finished-at="2020-01-18T10:07:59 IST">
    <groups>
    </groups>
    <test name="SmokeTest1" duration-ms="67854" started-at="2020-01-18T10:06:52 IST" finished-at="2020-01-18T10:07:59 IST">
      <class name="TestNgProject1.TestNgProject1.Tests.LoginTest">
        <test-method status="PASS" signature="setup()[pri:0, instance:TestNgProject1.TestNgProject1.Tests.LoginTest@853265]" name="setup" is-config="true" duration-ms="25370" started-at="2020-01-18T10:06:52 IST" finished-at="2020-01-18T10:07:17 IST">
          <reporter-output>
            <line>
              <![CDATA[chrome browser is going to launch]]>
            </line>
            <line>
              <![CDATA[successfully browser opened]]>
            </line>
            <line>
              <![CDATA[successfully url passed]]>
            </line>
            <line>
              <![CDATA[Test completed]]>
            </line>
          </reporter-output>
        </test-method> <!-- setup -->
        <test-method status="PASS" signature="test2()[pri:0, instance:TestNgProject1.TestNgProject1.Tests.LoginTest@853265]" name="test2" duration-ms="42155" started-at="2020-01-18T10:07:17 IST" description="clicking the iteam form yahoo page" finished-at="2020-01-18T10:07:59 IST">
          <reporter-output>
          </reporter-output>
        </test-method> <!-- test2 -->
        <test-method status="PASS" signature="teardown()[pri:0, instance:TestNgProject1.TestNgProject1.Tests.LoginTest@853265]" name="teardown" is-config="true" duration-ms="261" started-at="2020-01-18T10:07:59 IST" finished-at="2020-01-18T10:07:59 IST">
          <reporter-output>
            <line>
              <![CDATA[successfully browser closed]]>
            </line>
          </reporter-output>
        </test-method> <!-- teardown -->
      </class> <!-- TestNgProject1.TestNgProject1.Tests.LoginTest -->
    </test> <!-- SmokeTest1 -->
  </suite> <!-- SmokeTest -->
</testng-results>
