<?xml version="1.0" encoding="UTF-8"?>
<!-- Generated by org.testng.reporters.JUnitXMLReporter -->
<testsuite hostname="admin-PC" ignored="1" name="SmokeTest1" tests="1" failures="0" timestamp="2020-01-18T10:08:00 IST" time="67.854" errors="0">
  <testcase name="test2" time="42.155" classname="TestNgProject1.TestNgProject1.Tests.LoginTest"/>
  <testcase name="test1" time="0.0" classname="TestNgProject1.TestNgProject1.Tests.LoginTest">
    <ignored/>
  </testcase> <!-- test1 -->
</testsuite> <!-- SmokeTest1 -->
